<?xml version="1.0" encoding="utf-8"?><testsuites name="pytest tests"><testsuite name="pytest" errors="0" failures="0" skipped="0" tests="3" time="0.902" timestamp="2026-02-16T09:18:54.615668-05:00" hostname="Mac-Laptop"><testcase classname="tests.test_mlops_ticker.TestMLOpsTicker" name="test_event_store_terminal_filtering" time="0.023" /><testcase classname="tests.test_mlops_ticker.TestMLOpsTicker" name="test_whatsapp_message_format" time="0.003" /><testcase classname="tests.test_mlops_ticker.TestMLOpsTicker" name="test_whatsapp_send_success" time="0.018" /></testsuite></testsuites>